<?xml version="1.0" encoding="UTF-8"?>
<testng-results skipped="0" failed="0" ignored="0" total="1" passed="1">
  <reporter-output>
  </reporter-output>
  <suite name="Default suite" duration-ms="38995" started-at="2019-11-01T10:06:51 IST" finished-at="2019-11-01T10:07:30 IST">
    <groups>
    </groups>
    <test name="Default test" duration-ms="38995" started-at="2019-11-01T10:06:51 IST" finished-at="2019-11-01T10:07:30 IST">
      <class name="testng.IEbrowserTest">
        <test-method status="PASS" signature="frames()[pri:0, instance:testng.IEbrowserTest@694e1548]" name="frames" duration-ms="38933" started-at="2019-11-01T10:06:51 IST" finished-at="2019-11-01T10:07:30 IST">
          <reporter-output>
          </reporter-output>
        </test-method> <!-- frames -->
      </class> <!-- testng.IEbrowserTest -->
    </test> <!-- Default test -->
  </suite> <!-- Default suite -->
</testng-results>
