<?xml version="1.0" encoding="UTF-8"?>
<testng-results skipped="0" failed="0" ignored="0" total="1" passed="1">
  <reporter-output>
  </reporter-output>
  <suite name="Default suite" duration-ms="10935" started-at="2019-10-20T18:53:29 IST" finished-at="2019-10-20T18:53:40 IST">
    <groups>
    </groups>
    <test name="Default test" duration-ms="10935" started-at="2019-10-20T18:53:29 IST" finished-at="2019-10-20T18:53:40 IST">
      <class name="datadrivenscenarios.IciciActionsTest">
        <test-method status="PASS" signature="mousehovering()[pri:0, instance:datadrivenscenarios.IciciActionsTest@5bc79255]" name="mousehovering" duration-ms="10895" started-at="2019-10-20T18:53:29 IST" finished-at="2019-10-20T18:53:40 IST">
          <reporter-output>
          </reporter-output>
        </test-method> <!-- mousehovering -->
      </class> <!-- datadrivenscenarios.IciciActionsTest -->
    </test> <!-- Default test -->
  </suite> <!-- Default suite -->
</testng-results>
